app/build/intermediates/manifest_merge_blame_file/debug/manifest-merger-blame-debug-report.txt
1<?xml version="1.0" encoding="utf-8"?>
2<manifest xmlns:android="http://schemas.android.com/apk/res/android"
3    package="com.weatherapp"
4    android:versionCode="1"
5    android:versionName="1.0" >
6
7    <uses-sdk
8        android:minSdkVersion="21"
8-->src\main\AndroidManifest.xml
9        android:targetSdkVersion="32" />
9-->src\main\AndroidManifest.xml
10
11    <!-- To access the Internet -->
12    <uses-permission android:name="android.permission.INTERNET" />
12-->src\main\AndroidManifest.xml:8:5-67
12-->src\main\AndroidManifest.xml:8:22-64
13    <uses-permission android:name="android.permission.ACCESS_NETWORK_STATE" />
13-->src\main\AndroidManifest.xml:9:5-79
13-->src\main\AndroidManifest.xml:9:22-76
14    <uses-permission android:name="android.permission.ACCESS_WIFI_STATE" />
14-->src\main\AndroidManifest.xml:10:5-76
14-->src\main\AndroidManifest.xml:10:22-73
15
16    <!-- To access the location -->
17    <uses-permission android:name="android.permission.ACCESS_FINE_LOCATION" />
17-->src\main\AndroidManifest.xml:13:5-79
17-->src\main\AndroidManifest.xml:13:22-76
18    <uses-permission android:name="android.permission.ACCESS_COARSE_LOCATION" />
18-->src\main\AndroidManifest.xml:14:5-81
18-->src\main\AndroidManifest.xml:14:22-78
19
20    <application
20-->src\main\AndroidManifest.xml:16:5-37:19
21        android:allowBackup="true"
21-->src\main\AndroidManifest.xml:17:9-35
22        android:appComponentFactory="androidx.core.app.CoreComponentFactory"
22-->[androidx.core:core:1.7.0] AndroidManifest.xml:24:18-86
23        android:debuggable="true"
24        android:icon="@drawable/cloud"
24-->src\main\AndroidManifest.xml:18:9-39
25        android:label="@string/app_name"
25-->src\main\AndroidManifest.xml:19:9-41
26        android:roundIcon="@drawable/cloud"
26-->src\main\AndroidManifest.xml:20:9-44
27        android:supportsRtl="true"
27-->src\main\AndroidManifest.xml:21:9-35
28        android:testOnly="true"
29        android:theme="@style/AppTheme" >
29-->src\main\AndroidManifest.xml:22:9-40
30        <activity
30-->src\main\AndroidManifest.xml:25:9-35:20
31            android:name="com.weatherapp.activities.MainActivity"
31-->src\main\AndroidManifest.xml:26:13-52
32            android:exported="true"
32-->src\main\AndroidManifest.xml:28:13-36
33            android:screenOrientation="sensorPortrait" >
33-->src\main\AndroidManifest.xml:27:13-55
34            <intent-filter>
34-->src\main\AndroidManifest.xml:30:13-34:29
35                <action android:name="android.intent.action.MAIN" />
35-->src\main\AndroidManifest.xml:31:17-69
35-->src\main\AndroidManifest.xml:31:25-66
36
37                <category android:name="android.intent.category.LAUNCHER" />
37-->src\main\AndroidManifest.xml:33:17-77
37-->src\main\AndroidManifest.xml:33:27-74
38            </intent-filter>
39        </activity>
40        <activity
40-->[com.karumi:dexter:6.0.1] AndroidManifest.xml:27:9-29:72
41            android:name="com.karumi.dexter.DexterActivity"
41-->[com.karumi:dexter:6.0.1] AndroidManifest.xml:28:13-60
42            android:theme="@style/Dexter.Internal.Theme.Transparent" />
42-->[com.karumi:dexter:6.0.1] AndroidManifest.xml:29:13-69
43        <activity
43-->[com.google.android.gms:play-services-base:18.0.1] AndroidManifest.xml:20:9-22:45
44            android:name="com.google.android.gms.common.api.GoogleApiActivity"
44-->[com.google.android.gms:play-services-base:18.0.1] AndroidManifest.xml:20:19-85
45            android:exported="false"
45-->[com.google.android.gms:play-services-base:18.0.1] AndroidManifest.xml:22:19-43
46            android:theme="@android:style/Theme.Translucent.NoTitleBar" />
46-->[com.google.android.gms:play-services-base:18.0.1] AndroidManifest.xml:21:19-78
47
48        <meta-data
48-->[com.google.android.gms:play-services-basement:18.0.0] AndroidManifest.xml:21:9-23:69
49            android:name="com.google.android.gms.version"
49-->[com.google.android.gms:play-services-basement:18.0.0] AndroidManifest.xml:22:13-58
50            android:value="@integer/google_play_services_version" />
50-->[com.google.android.gms:play-services-basement:18.0.0] AndroidManifest.xml:23:13-66
51
52        <provider
52-->[androidx.emoji2:emoji2:1.0.0] AndroidManifest.xml:26:9-34:20
53            android:name="androidx.startup.InitializationProvider"
53-->[androidx.emoji2:emoji2:1.0.0] AndroidManifest.xml:27:13-67
54            android:authorities="com.weatherapp.androidx-startup"
54-->[androidx.emoji2:emoji2:1.0.0] AndroidManifest.xml:28:13-68
55            android:exported="false" >
55-->[androidx.emoji2:emoji2:1.0.0] AndroidManifest.xml:29:13-37
56            <meta-data
56-->[androidx.emoji2:emoji2:1.0.0] AndroidManifest.xml:31:13-33:52
57                android:name="androidx.emoji2.text.EmojiCompatInitializer"
57-->[androidx.emoji2:emoji2:1.0.0] AndroidManifest.xml:32:17-75
58                android:value="androidx.startup" />
58-->[androidx.emoji2:emoji2:1.0.0] AndroidManifest.xml:33:17-49
59            <meta-data
59-->[androidx.lifecycle:lifecycle-process:2.4.0] AndroidManifest.xml:31:13-33:52
60                android:name="androidx.lifecycle.ProcessLifecycleInitializer"
60-->[androidx.lifecycle:lifecycle-process:2.4.0] AndroidManifest.xml:32:17-78
61                android:value="androidx.startup" />
61-->[androidx.lifecycle:lifecycle-process:2.4.0] AndroidManifest.xml:33:17-49
62        </provider>
63    </application>
64
65</manifest>